[2025-05-20 02:14:13] INFO: Transakcja 0xc95f8f435ffdfffb28870f015475c829dd90f92cfb454052e601ce00377efbc7 niedawno widziana, pomijam.
[2025-05-20 02:14:13] INFO: Transakcja 0xeb948c16274144dc428da9cfef220a6818bb6dd811eb4267e5cf826877f87085 niedawno widziana, pomijam.
[2025-05-20 02:14:13] INFO: Transakcja 0xeb948c16274144dc428da9cfef220a6818bb6dd811eb4267e5cf826877f87085 niedawno widziana, pomijam.
[2025-05-20 02:14:13] INFO: Transakcja 0xeb948c16274144dc428da9cfef220a6818bb6dd811eb4267e5cf826877f87085 niedawno widziana, pomijam.
[2025-05-20 02:14:13] INFO: Transakcja 0xeb948c16274144dc428da9cfef220a6818bb6dd811eb4267e5cf826877f87085 niedawno widziana, pomijam.
[2025-05-20 02:14:13] INFO: Transakcja 0xeb948c16274144dc428da9cfef220a6818bb6dd811eb4267e5cf826877f87085 niedawno widziana, pomijam.
[2025-05-20 02:14:14] INFO: Transakcja 0xae6938ed3537e35dee7b38b9870d9920c9c30151ace191b8bd29225d245569af niedawno widziana, pomijam.
[2025-05-20 02:14:14] INFO: Transakcja 0xae6938ed3537e35dee7b38b9870d9920c9c30151ace191b8bd29225d245569af niedawno widziana, pomijam.
[2025-05-20 02:14:14] INFO: Transakcja 0xae6938ed3537e35dee7b38b9870d9920c9c30151ace191b8bd29225d245569af niedawno widziana, pomijam.
[2025-05-20 02:14:14] INFO: ✅ Transfer tokenu: 0xa5ba637e81ebe1035d0e24efbef8f3ad4a5bd349 → 0x7f78c188d73023faca481244b574c594c150682a, TX: 0xaed6732be1a058ac1fe46494181eb61d74f3f111e05eb310e3504709f3e29aa2, kwota: 10.0
[2025-05-20 02:14:14] INFO: Transakcja 0xe4d5edb1f91e097d36b18088e0e3706db9e079beb51e4f1da4e65dba7456f461 niedawno widziana, pomijam.
[2025-05-20 02:14:15] INFO: Transakcja 0xb040c763ee92579fda95d2d1fb4b15f894e0cf31e2128de48b0e90cae45a3b2f niedawno widziana, pomijam.
[2025-05-20 02:14:15] INFO: Transakcja 0xb040c763ee92579fda95d2d1fb4b15f894e0cf31e2128de48b0e90cae45a3b2f niedawno widziana, pomijam.
[2025-05-20 02:14:15] INFO: Transakcja 0x5d3db2feb50f24b17741012e69bd3ca64f88a6615887bdffd2b68af4b9560d7e niedawno widziana, pomijam.
[2025-05-20 02:14:15] INFO: Transakcja 0x70d95453830dcf2ffa5c0c4584d7cf8b07cf8221939a1399046296fd851bf39a niedawno widziana, pomijam.
[2025-05-20 02:14:15] INFO: Transakcja 0xd1ca4eb33b19ed88b4da7de96e12ed20ba615a96aa9c07f025a53bfa1f49434c niedawno widziana, pomijam.
[2025-05-20 02:14:15] INFO: Transakcja 0xd1ca4eb33b19ed88b4da7de96e12ed20ba615a96aa9c07f025a53bfa1f49434c niedawno widziana, pomijam.
[2025-05-20 02:14:15] INFO: Transakcja 0xd1ca4eb33b19ed88b4da7de96e12ed20ba615a96aa9c07f025a53bfa1f49434c niedawno widziana, pomijam.
[2025-05-20 02:14:15] INFO: Transakcja 0x8990588d59418470c0f1c85904b24fa849d54791172a7c7137ca73b7aeaf29fa niedawno widziana, pomijam.
[2025-05-20 02:14:15] INFO: Transakcja 0x686f093df45fcc1a8a2cdaf60038657a9a92c4d230d6768c16e7f0382ca2840b niedawno widziana, pomijam.
[2025-05-20 02:14:15] INFO: Transakcja 0x686f093df45fcc1a8a2cdaf60038657a9a92c4d230d6768c16e7f0382ca2840b niedawno widziana, pomijam.
[2025-05-20 02:14:16] INFO: ✅ Transfer tokenu: 0x0f55030556b30926f78f73064ff09a0981b5e076 → 0xaaacb8591d6894a57f53f1a3ced8494d964a0df5, TX: 0x0f4bd3c92c4d2209b4c20e88e36468cf46130cb1a2033ea48d160b32175b87af, kwota: 1e-06
[2025-05-20 02:14:16] INFO: Transakcja 0xb71559910dd51f6c1382dc3f2434010fa5d0b2bac95b7dd8c4eb838bdb48b4b9 niedawno widziana, pomijam.
[2025-05-20 02:14:16] INFO: Transakcja 0xb71559910dd51f6c1382dc3f2434010fa5d0b2bac95b7dd8c4eb838bdb48b4b9 niedawno widziana, pomijam.
[2025-05-20 02:14:17] INFO: Transakcja 0x0b83b5a621f44205f85c825cdcb1508ea3d3c9d8c3296a88ca3b4dfa1343ba16 niedawno widziana, pomijam.
[2025-05-20 02:14:17] INFO: Transakcja 0x87af86204dc98a54a97bee3630910239357a4f2afa73bd59b9e0dbc9aba9c26b niedawno widziana, pomijam.
[2025-05-20 02:14:17] INFO: Transakcja 0xa52900b283537d3b65594d02b0e956b94e0237d03e6d73a045dc329f21a6001d niedawno widziana, pomijam.
[2025-05-20 02:14:17] INFO: Transakcja 0x10c634b31516f00e2a5b75bf9def97d9a9562baf8861a01beac9f69f4cb74aec niedawno widziana, pomijam.
[2025-05-20 02:14:17] INFO: Transakcja 0x7fc50399178d2f3a3561e5d367b217b04501c77b7a6a0f19b0a7ce4df64c5fe1 niedawno widziana, pomijam.
[2025-05-20 02:14:17] INFO: ✅ Transfer tokenu: 0x1985ea6e9c68e1c272d8209f3b478ac2fdb25c87 → 0x0ad6264e715ea7878aa3a5c15eb7e74c14e0a2bf, TX: 0x3fd9b07819c9e97cac8106a2c9f64b7837f3cb113b289942159f13e3978de5ba, kwota: 5.0
[2025-05-20 02:14:17] INFO: ✅ Transfer tokenu: 0x1985ea6e9c68e1c272d8209f3b478ac2fdb25c87 → 0xea6878f12a28bef7076d0c9d2efce4e5929b4a96, TX: 0xe625c30647459ac5e74c226b8380029d575200245199b50601999dd6083a975c, kwota: 6.98
[2025-05-20 02:14:18] INFO: Transakcja 0xa3b26db672d0c94ec3ae9bb15ef2ecce0799eafd1047b19c1d8b2beff12b479d niedawno widziana, pomijam.
[2025-05-20 02:14:18] INFO: Transakcja 0x34840b765c3726bd3cab0eb7ad41275d3177679e0f2a609376a7352804a1ef63 niedawno widziana, pomijam.
[2025-05-20 02:14:18] INFO: Transakcja 0x11810a4b0ee4e339b6ae17dd40d6c296f977ebca20e3f533e5ad0348aed7eb05 niedawno widziana, pomijam.
[2025-05-20 02:14:18] INFO: Transakcja 0x11810a4b0ee4e339b6ae17dd40d6c296f977ebca20e3f533e5ad0348aed7eb05 niedawno widziana, pomijam.
[2025-05-20 02:14:18] INFO: Transakcja 0x11810a4b0ee4e339b6ae17dd40d6c296f977ebca20e3f533e5ad0348aed7eb05 niedawno widziana, pomijam.
[2025-05-20 02:14:18] INFO: Transakcja 0x11810a4b0ee4e339b6ae17dd40d6c296f977ebca20e3f533e5ad0348aed7eb05 niedawno widziana, pomijam.
[2025-05-20 02:14:18] INFO: Transakcja 0x00c77a36754a013b8f74c25aa25cb2a56aa2ac94d64bf754fb50cc1093d65b0f niedawno widziana, pomijam.
[2025-05-20 02:14:19] INFO: ⏳ Transakcja 0x4427541c43016ce89dfaf5d41dd8563db09072a36ecd726c64ecc289d798b07f wciąż w mempoolu. Próba 1/4
[2025-05-20 02:14:21] INFO: ⏳ Transakcja 0xee17fe7d2089c3f4036ff65dc681564164bc7b7099a10a89c07bb79ca1496c86 wciąż w mempoolu. Próba 1/4
[2025-05-20 02:14:22] INFO: ⏳ Transakcja 0x881ce9ab31b7657d8aac696cc17369177771b75022d86b0e6a92487c81f1b7f4 wciąż w mempoolu. Próba 1/4
[2025-05-20 02:14:24] INFO: ⏳ Transakcja 0x08f1f71725be3e9dedfaa009458983bbb1e454fb5febc3a7c8033f2247986666 wciąż w mempoolu. Próba 1/4
[2025-05-20 02:14:25] INFO: ⏳ Transakcja 0x08f1f71725be3e9dedfaa009458983bbb1e454fb5febc3a7c8033f2247986666 wciąż w mempoolu. Próba 2/4
[2025-05-20 02:14:26] INFO: Transakcja 0x08f1f71725be3e9dedfaa009458983bbb1e454fb5febc3a7c8033f2247986666 niedawno widziana, pomijam.
[2025-05-20 02:14:26] INFO: Transakcja 0x9b0c377c6a70ed838c6d1f6989fec0f7c23a2b230bd6a60c1f381061ae8e8312 niedawno widziana, pomijam.
[2025-05-20 02:14:26] INFO: Transakcja 0xccf3fb847aec4b49018ed1fa1ee5a21a445f6f3ab0c9ae8a899e800f502497fe niedawno widziana, pomijam.
[2025-05-20 02:14:26] INFO: Transakcja 0xccf3fb847aec4b49018ed1fa1ee5a21a445f6f3ab0c9ae8a899e800f502497fe niedawno widziana, pomijam.
[2025-05-20 02:14:26] INFO: ⏳ Transakcja 0xbad4a452ea43321be96eab73c9718732eef27b25f18add6bda696dc3175ab88a wciąż w mempoolu. Próba 1/4
[2025-05-20 02:14:27] INFO: Transakcja 0xbad4a452ea43321be96eab73c9718732eef27b25f18add6bda696dc3175ab88a niedawno widziana, pomijam.
[2025-05-20 02:14:28] INFO: ⏳ Transakcja 0x31358792fa533d13d1369b279b6a22391af039289fe8999e18e7461fec2ad7f3 wciąż w mempoolu. Próba 1/4
[2025-05-20 02:14:29] INFO: Transakcja 0x31358792fa533d13d1369b279b6a22391af039289fe8999e18e7461fec2ad7f3 niedawno widziana, pomijam.
[2025-05-20 02:14:29] INFO: Transakcja 0x0981aa931be3931fbe96148023afa4a7df1f61f848b3da1ea4689d31cf1c544d niedawno widziana, pomijam.
[2025-05-20 02:14:29] INFO: Transakcja 0x4b7bbb7eb08bedef2af66b93e090cf9e1802bd2d591107c2681f31ddb6009d8a niedawno widziana, pomijam.
[2025-05-20 02:14:29] INFO: Transakcja 0x4b7bbb7eb08bedef2af66b93e090cf9e1802bd2d591107c2681f31ddb6009d8a niedawno widziana, pomijam.
[2025-05-20 02:14:29] INFO: Transakcja 0x93ca0860a17649cedccaf3256ec67fabac0a5b86aed54939cab8d69aa57428f3 niedawno widziana, pomijam.
[2025-05-20 02:14:29] INFO: Transakcja 0x450342619baefbffe04d2f094c5562bf824b296901d3b9f4168eccedd53dbc1a niedawno widziana, pomijam.
[2025-05-20 02:14:29] INFO: Transakcja 0xc5a2cbf26b16754e5117109dc6225382c4a511fed5e723718af65b7599aa0949 niedawno widziana, pomijam.
[2025-05-20 02:14:30] INFO: ⏳ Transakcja 0xacd2f65d773455f8fedd7448ed37227d9b9aea00d2d559901479c1e6f1f6c5bf wciąż w mempoolu. Próba 1/4
[2025-05-20 02:14:31] INFO: ⏳ Transakcja 0x5d80b9a29adebb32507c47f598a64f10bbb5ac0bdfde2007e2c7cb36bb76bd82 wciąż w mempoolu. Próba 1/4
[2025-05-20 02:14:32] INFO: ⏳ Transakcja 0xbfcf2d2204e4185fd9cfa6490f7faa5f47573965b796320ff872551be474d0a8 wciąż w mempoolu. Próba 1/4
[2025-05-20 02:14:33] INFO: Transakcja 0xbfcf2d2204e4185fd9cfa6490f7faa5f47573965b796320ff872551be474d0a8 niedawno widziana, pomijam.
[2025-05-20 02:14:34] INFO: ⏳ Transakcja 0x94c420a2f470f751db63675eee761122f69996bb8e23d9407661841d5632c0ac wciąż w mempoolu. Próba 1/4
[2025-05-20 02:14:35] INFO: Transakcja 0x94c420a2f470f751db63675eee761122f69996bb8e23d9407661841d5632c0ac niedawno widziana, pomijam.
[2025-05-20 02:14:35] INFO: Transakcja 0x94c420a2f470f751db63675eee761122f69996bb8e23d9407661841d5632c0ac niedawno widziana, pomijam.
[2025-05-20 02:14:35] INFO: Transakcja 0x1c8c2710bd470055665048a7b3cbedeafaed8745fdb329de4b6c155fd45f663d niedawno widziana, pomijam.
[2025-05-20 02:14:35] INFO: Transakcja 0x1c8c2710bd470055665048a7b3cbedeafaed8745fdb329de4b6c155fd45f663d niedawno widziana, pomijam.
[2025-05-20 02:14:35] INFO: Transakcja 0x84a853707a9145935e2961509939726b47e81e4c4a139d9c056df078b025c260 niedawno widziana, pomijam.
[2025-05-20 02:14:35] INFO: Transakcja 0xea25b3d6de9794e86db29a5466305a465d02bb2a6179ab98b10c035bdec666d1 niedawno widziana, pomijam.
[2025-05-20 02:14:35] INFO: ⏳ Transakcja 0x4c4b902b3e7798df9743ec2080a87230d30f37066a09bfa37761242098c90723 wciąż w mempoolu. Próba 1/4
[2025-05-20 02:14:37] INFO: Transakcja 0xa502e4e699ed7c73dc8f828a6e62609387de2127389f96598550d5e719d18b01 niedawno widziana, pomijam.
[2025-05-20 02:14:37] INFO: ⏳ Transakcja 0x69fb122fd9ae4a10219037368f1090ddb280cbaba06d07d59c0f31dcc26092cb wciąż w mempoolu. Próba 1/4
[2025-05-20 02:14:39] INFO: Transakcja 0x0a2c65def80087f6af073a1004b78cd81a7e1f228408470a67e48ee1219e4627 niedawno widziana, pomijam.
[2025-05-20 02:14:39] INFO: ⏳ Transakcja 0x9669d1a5ff7c71008757b849bc12c507a1a01ca7a19e6a5868a6c35d78d60f8f wciąż w mempoolu. Próba 1/4
[2025-05-20 02:14:41] INFO: Transakcja 0x9669d1a5ff7c71008757b849bc12c507a1a01ca7a19e6a5868a6c35d78d60f8f niedawno widziana, pomijam.
[2025-05-20 02:14:41] INFO: ⏳ Transakcja 0x86269cc5bff6fe512f40bb23268cb6e2e64d637dcbc3f10d3a7ef4dc3ac2db6a wciąż w mempoolu. Próba 1/4
[2025-05-20 02:14:42] INFO: Transakcja 0x86269cc5bff6fe512f40bb23268cb6e2e64d637dcbc3f10d3a7ef4dc3ac2db6a niedawno widziana, pomijam.
[2025-05-20 02:14:42] INFO: ✅ Transfer tokenu: 0x57e723c5da44e745b0b24b738d47aed54be36555 → 0x9d8e81328e7cef5d1e52f8acb50ab232999cdf0c, TX: 0x8bdb1e7561eb0db13b1d0d5d0b2cef0deee8a9013783129c53daadd100d03681, kwota: 671.19745
[2025-05-20 02:14:43] INFO: ⏳ Transakcja 0xdfd7f8e48b78219299ae61500530dc194f1075bcf954da0f25034deb6546e862 wciąż w mempoolu. Próba 1/4
[2025-05-20 02:14:44] INFO: ⏳ Transakcja 0xdfd7f8e48b78219299ae61500530dc194f1075bcf954da0f25034deb6546e862 wciąż w mempoolu. Próba 2/4
[2025-05-20 02:14:45] INFO: Transakcja 0x6c40f3c57dbd059d6ce891563b9d7292fdfa68962c7c2a818411058b20f82eeb niedawno widziana, pomijam.
[2025-05-20 02:14:45] INFO: Transakcja 0x6c40f3c57dbd059d6ce891563b9d7292fdfa68962c7c2a818411058b20f82eeb niedawno widziana, pomijam.
[2025-05-20 02:14:45] INFO: Transakcja 0x7b734c20b7ce06619d6f6e72a2e489016b5d00a034ced0d8ad56b44c2d24b77d niedawno widziana, pomijam.
[2025-05-20 02:14:45] INFO: ⏳ Transakcja 0x6339fd8e6d137bad5bfa357d6ab414ef4df0b25b27596f68d2b5119eb7ca0cd5 wciąż w mempoolu. Próba 1/4
[2025-05-20 02:14:46] INFO: ⏳ Transakcja 0x6339fd8e6d137bad5bfa357d6ab414ef4df0b25b27596f68d2b5119eb7ca0cd5 wciąż w mempoolu. Próba 2/4
[2025-05-20 02:14:48] INFO: Transakcja 0x6339fd8e6d137bad5bfa357d6ab414ef4df0b25b27596f68d2b5119eb7ca0cd5 niedawno widziana, pomijam.
[2025-05-20 02:14:48] INFO: Transakcja 0x6339fd8e6d137bad5bfa357d6ab414ef4df0b25b27596f68d2b5119eb7ca0cd5 niedawno widziana, pomijam.
[2025-05-20 02:14:48] INFO: Transakcja 0x6339fd8e6d137bad5bfa357d6ab414ef4df0b25b27596f68d2b5119eb7ca0cd5 niedawno widziana, pomijam.
[2025-05-20 02:14:48] INFO: Transakcja 0x6339fd8e6d137bad5bfa357d6ab414ef4df0b25b27596f68d2b5119eb7ca0cd5 niedawno widziana, pomijam.
[2025-05-20 02:14:48] INFO: Transakcja 0x6339fd8e6d137bad5bfa357d6ab414ef4df0b25b27596f68d2b5119eb7ca0cd5 niedawno widziana, pomijam.
[2025-05-20 02:14:48] INFO: Transakcja 0x6339fd8e6d137bad5bfa357d6ab414ef4df0b25b27596f68d2b5119eb7ca0cd5 niedawno widziana, pomijam.
[2025-05-20 02:14:48] INFO: Transakcja 0x6339fd8e6d137bad5bfa357d6ab414ef4df0b25b27596f68d2b5119eb7ca0cd5 niedawno widziana, pomijam.
[2025-05-20 02:14:48] INFO: Transakcja 0x6339fd8e6d137bad5bfa357d6ab414ef4df0b25b27596f68d2b5119eb7ca0cd5 niedawno widziana, pomijam.
[2025-05-20 02:14:48] INFO: Transakcja 0x6339fd8e6d137bad5bfa357d6ab414ef4df0b25b27596f68d2b5119eb7ca0cd5 niedawno widziana, pomijam.
[2025-05-20 02:14:48] INFO: Transakcja 0xdca1b773533d76663fe2061ce0d385565c9ef2d4127629698179409deafc1eb8 niedawno widziana, pomijam.
[2025-05-20 02:14:48] INFO: Transakcja 0x00d695da7f3abfa507d3b5f634d8661134d8ccf2c280ec7a43cc6b4e410161c6 niedawno widziana, pomijam.
[2025-05-20 02:14:48] INFO: Transakcja 0x32fbb8a56261aa001d02f504500c5b62a477101248e7809b78f6f79fb176f521 niedawno widziana, pomijam.
[2025-05-20 02:14:48] INFO: Transakcja 0x32fbb8a56261aa001d02f504500c5b62a477101248e7809b78f6f79fb176f521 niedawno widziana, pomijam.
[2025-05-20 02:14:49] INFO: ⏳ Transakcja 0xbe89bd7f72c15d434fc8943ad3128b15e2e569751125a95c11a91e994d03e4ba wciąż w mempoolu. Próba 1/4
[2025-05-20 02:14:50] INFO: ⏳ Transakcja 0x367d94e81019a8d29eeb112e75630aeafb417ffcdf37edbf6c5da1a3101ca9d7 wciąż w mempoolu. Próba 1/4
[2025-05-20 02:14:51] INFO: ⏳ Transakcja 0x367d94e81019a8d29eeb112e75630aeafb417ffcdf37edbf6c5da1a3101ca9d7 wciąż w mempoolu. Próba 2/4
[2025-05-20 02:14:52] INFO: ⏳ Transakcja 0x367d94e81019a8d29eeb112e75630aeafb417ffcdf37edbf6c5da1a3101ca9d7 wciąż w mempoolu. Próba 3/4
[2025-05-20 02:14:53] INFO: Transakcja 0x367d94e81019a8d29eeb112e75630aeafb417ffcdf37edbf6c5da1a3101ca9d7 niedawno widziana, pomijam.
[2025-05-20 02:14:53] INFO: Transakcja 0xdd3bc8139ed7e3ee7be4c9f73ef3138ac0554abe40d622e8364b3af56694ea7b niedawno widziana, pomijam.
[2025-05-20 02:14:53] INFO: Transakcja 0x1cc4dc7f957435c899c3607212762c54727f9fd567710e4a87a6746879e4ffa8 niedawno widziana, pomijam.
[2025-05-20 02:14:54] INFO: Transakcja 0x49a5a8206a2df996b2a0d4e64e5c6651b17aec2ffbd4cc690a85433c548f0057 niedawno widziana, pomijam.
[2025-05-20 02:14:54] INFO: Transakcja 0x49a5a8206a2df996b2a0d4e64e5c6651b17aec2ffbd4cc690a85433c548f0057 niedawno widziana, pomijam.
[2025-05-20 02:14:54] INFO: Transakcja 0x6898c3c96bb1812ebcfd9ac54bcb05a6360a60aae2e9f0b28870020d8d6f04b0 niedawno widziana, pomijam.
[2025-05-20 02:14:54] INFO: Transakcja 0x7ec72ee6e9b6017671df4d91f7241d2606ba07d33bca238e62f4168efbc34c3d niedawno widziana, pomijam.
[2025-05-20 02:14:55] INFO: Transakcja 0xffa337b1c03beed8f1269b82e9687308c34d19e0778bab29f283139aba4db934 niedawno widziana, pomijam.
[2025-05-20 02:14:55] INFO: Transakcja 0x320e1242ef1075dd3a6ee41aba110f0f26d292c634fd16b5eb68b3aa2e3f0b35 niedawno widziana, pomijam.
[2025-05-20 02:14:55] INFO: Transakcja 0xe4f0377bd3d662c6141f4c32a8c587bc8f388a38218cdb5d0adcd0529994368c niedawno widziana, pomijam.
[2025-05-20 02:14:55] INFO: Transakcja 0x43cb250c19c5ace7712dfe794372bc074d708fd58c9f86dcc22f88d6d709ae82 niedawno widziana, pomijam.
[2025-05-20 02:14:55] INFO: Transakcja 0x43cb250c19c5ace7712dfe794372bc074d708fd58c9f86dcc22f88d6d709ae82 niedawno widziana, pomijam.
[2025-05-20 02:14:55] INFO: ⏳ Transakcja 0x9e5e62691106166577df6671c2b9235442a209dbcc498664148990d8d5e7862d wciąż w mempoolu. Próba 1/4
[2025-05-20 02:14:56] INFO: ⏳ Transakcja 0x9e5e62691106166577df6671c2b9235442a209dbcc498664148990d8d5e7862d wciąż w mempoolu. Próba 2/4
[2025-05-20 02:14:58] INFO: Transakcja 0x9e5e62691106166577df6671c2b9235442a209dbcc498664148990d8d5e7862d niedawno widziana, pomijam.
[2025-05-20 02:14:58] INFO: Transakcja 0x5a5a24a4cd1d8d7e9377f2e85a5e337ed5b8e9bda6a269ebbf2622af15c9ff1f niedawno widziana, pomijam.
[2025-05-20 02:14:58] INFO: ✅ Transfer tokenu: 0x28a69640810fcdcf6adb7119edd64eed4612fa49 → 0xaaac643f572e40e61185d41f67bf8a44cac70df5, TX: 0x7c4cea6fd2b0cc7ed71a2afc3a48f1d2c5aa31631d608752d01f74a6053d703b, kwota: 350.036918
[2025-05-20 02:17:49] INFO: Transakcja 0x1f98d1439d9ede6537e2598124ebfcd5ac4d4555699bd350222fa734d5f964b5 niedawno widziana, pomijam.
[2025-05-20 02:17:49] INFO: Transakcja 0xb51f2de15d88d0cbf275aa8df74abac8a10e03430bb6a39711ccf3416ee6d536 niedawno widziana, pomijam.
[2025-05-20 02:17:49] INFO: Transakcja 0x97461ee8ff289c2a1191b8afdad5f12a28c0800712abd46537bab68bc461c55a niedawno widziana, pomijam.
[2025-05-20 02:17:50] INFO: Transakcja 0x04f33d0c4c5ff4d6a781432b2ab5980d145789ed87f9709b2b8fe7a210130b63 niedawno widziana, pomijam.
[2025-05-20 02:17:50] INFO: Transakcja 0x04f33d0c4c5ff4d6a781432b2ab5980d145789ed87f9709b2b8fe7a210130b63 niedawno widziana, pomijam.
[2025-05-20 02:17:50] INFO: Transakcja 0x04f33d0c4c5ff4d6a781432b2ab5980d145789ed87f9709b2b8fe7a210130b63 niedawno widziana, pomijam.
[2025-05-20 02:17:50] INFO: Transakcja 0x04f33d0c4c5ff4d6a781432b2ab5980d145789ed87f9709b2b8fe7a210130b63 niedawno widziana, pomijam.
[2025-05-20 02:17:50] INFO: Transakcja 0x04f33d0c4c5ff4d6a781432b2ab5980d145789ed87f9709b2b8fe7a210130b63 niedawno widziana, pomijam.
[2025-05-20 02:17:50] INFO: Transakcja 0xaef211a9e3b0f887793af9334bb610f7649ba7cdd6f405707bed3e298d8c5ad2 niedawno widziana, pomijam.
[2025-05-20 02:17:50] INFO: Transakcja 0xaef211a9e3b0f887793af9334bb610f7649ba7cdd6f405707bed3e298d8c5ad2 niedawno widziana, pomijam.
[2025-05-20 02:17:50] INFO: Transakcja 0x501a262c446d409874672d6c541e340d31466f34d53c8cee1c8ef9d7006378e0 niedawno widziana, pomijam.
[2025-05-20 02:17:50] INFO: Transakcja 0x501a262c446d409874672d6c541e340d31466f34d53c8cee1c8ef9d7006378e0 niedawno widziana, pomijam.
[2025-05-20 02:17:51] INFO: Transakcja 0x542ef4cb6384d67f132c53377ccfb285a61cc63cd4152635d2faad6f1b9951c4 niedawno widziana, pomijam.
[2025-05-20 02:17:51] INFO: Transakcja 0x542ef4cb6384d67f132c53377ccfb285a61cc63cd4152635d2faad6f1b9951c4 niedawno widziana, pomijam.
[2025-05-20 02:17:51] INFO: Transakcja 0x71fc962f30201e5ee7fd5334d840924fb2ebd651bcc125a43a0c951231917ff9 niedawno widziana, pomijam.
[2025-05-20 02:17:51] INFO: Transakcja 0x809c4646df888596e705a773a6d1cd2cf22c726abe31def4304bf4baa595e167 niedawno widziana, pomijam.
[2025-05-20 02:17:51] INFO: Transakcja 0x809c4646df888596e705a773a6d1cd2cf22c726abe31def4304bf4baa595e167 niedawno widziana, pomijam.
[2025-05-20 02:17:52] INFO: ✅ Transfer tokenu: 0x6ecd03346872e6d26268efd7fd6c58c0c4d4ffa2 → 0x539487671b977677cad440ffbd3b496edbf77210, TX: 0xd8a9dcd2434bbc1ac7e128cfe781b3614d94fdbd4fb84a43e423f03f8d51dfe6, kwota: 7.83152
[2025-05-20 02:17:52] INFO: Transakcja 0xe4a7b1274ab00781dbffdece1ad22d19f1a62581df3bf3db94671f0c1c9fb21d niedawno widziana, pomijam.
[2025-05-20 02:17:52] INFO: Transakcja 0xca268ada0731d9e8690896e53f3b60efb9183dbdaa3b5ce957431c67c2423f1e niedawno widziana, pomijam.
[2025-05-20 02:17:52] INFO: Transakcja 0xca268ada0731d9e8690896e53f3b60efb9183dbdaa3b5ce957431c67c2423f1e niedawno widziana, pomijam.
[2025-05-20 02:17:52] INFO: Transakcja 0xef27dccb550226cf6706c8adf82fcca272623660be37f970e75723fe9ebba8d4 niedawno widziana, pomijam.
[2025-05-20 02:17:52] INFO: Transakcja 0xd4f225e54954079bfe389717bf4c89a6b1db45d60510bfc578107196c77e5098 niedawno widziana, pomijam.
[2025-05-20 02:17:52] INFO: Transakcja 0xd4f225e54954079bfe389717bf4c89a6b1db45d60510bfc578107196c77e5098 niedawno widziana, pomijam.
[2025-05-20 02:17:53] INFO: Transakcja 0x83f922a95a584e6f1134e36e2e096aaef23e2ca3654629d8023c125d95a6fc37 niedawno widziana, pomijam.
[2025-05-20 02:17:53] INFO: Transakcja 0x83f922a95a584e6f1134e36e2e096aaef23e2ca3654629d8023c125d95a6fc37 niedawno widziana, pomijam.
[2025-05-20 02:17:53] INFO: Transakcja 0x83f922a95a584e6f1134e36e2e096aaef23e2ca3654629d8023c125d95a6fc37 niedawno widziana, pomijam.
[2025-05-20 02:17:53] INFO: Transakcja 0x83f922a95a584e6f1134e36e2e096aaef23e2ca3654629d8023c125d95a6fc37 niedawno widziana, pomijam.
[2025-05-20 02:17:53] INFO: Transakcja 0x83f922a95a584e6f1134e36e2e096aaef23e2ca3654629d8023c125d95a6fc37 niedawno widziana, pomijam.
[2025-05-20 02:17:53] INFO: Transakcja 0x83f922a95a584e6f1134e36e2e096aaef23e2ca3654629d8023c125d95a6fc37 niedawno widziana, pomijam.
[2025-05-20 02:17:53] INFO: Transakcja 0x83f922a95a584e6f1134e36e2e096aaef23e2ca3654629d8023c125d95a6fc37 niedawno widziana, pomijam.
[2025-05-20 02:17:53] INFO: Transakcja 0x83f922a95a584e6f1134e36e2e096aaef23e2ca3654629d8023c125d95a6fc37 niedawno widziana, pomijam.
[2025-05-20 02:17:53] INFO: Transakcja 0x83f922a95a584e6f1134e36e2e096aaef23e2ca3654629d8023c125d95a6fc37 niedawno widziana, pomijam.
[2025-05-20 02:17:53] INFO: Transakcja 0x83f922a95a584e6f1134e36e2e096aaef23e2ca3654629d8023c125d95a6fc37 niedawno widziana, pomijam.
[2025-05-20 02:17:54] INFO: Transakcja 0x51c3e73e0172fb0ad13e2ed5cd6d2ea52e83018494ccf74bf652629098166186 niedawno widziana, pomijam.
[2025-05-20 02:17:54] INFO: Transakcja 0x51c3e73e0172fb0ad13e2ed5cd6d2ea52e83018494ccf74bf652629098166186 niedawno widziana, pomijam.
[2025-05-20 02:17:54] INFO: Transakcja 0x51c3e73e0172fb0ad13e2ed5cd6d2ea52e83018494ccf74bf652629098166186 niedawno widziana, pomijam.
[2025-05-20 02:17:54] INFO: Transakcja 0x51c3e73e0172fb0ad13e2ed5cd6d2ea52e83018494ccf74bf652629098166186 niedawno widziana, pomijam.
[2025-05-20 02:17:54] INFO: Transakcja 0x51c3e73e0172fb0ad13e2ed5cd6d2ea52e83018494ccf74bf652629098166186 niedawno widziana, pomijam.
[2025-05-20 02:17:54] INFO: Transakcja 0x51c3e73e0172fb0ad13e2ed5cd6d2ea52e83018494ccf74bf652629098166186 niedawno widziana, pomijam.
[2025-05-20 02:17:54] INFO: Transakcja 0x51c3e73e0172fb0ad13e2ed5cd6d2ea52e83018494ccf74bf652629098166186 niedawno widziana, pomijam.
[2025-05-20 02:17:54] INFO: Transakcja 0x51c3e73e0172fb0ad13e2ed5cd6d2ea52e83018494ccf74bf652629098166186 niedawno widziana, pomijam.
[2025-05-20 02:17:54] INFO: Transakcja 0x51c3e73e0172fb0ad13e2ed5cd6d2ea52e83018494ccf74bf652629098166186 niedawno widziana, pomijam.
[2025-05-20 02:17:54] INFO: Transakcja 0x51c3e73e0172fb0ad13e2ed5cd6d2ea52e83018494ccf74bf652629098166186 niedawno widziana, pomijam.
[2025-05-20 02:17:54] INFO: Transakcja 0x51c3e73e0172fb0ad13e2ed5cd6d2ea52e83018494ccf74bf652629098166186 niedawno widziana, pomijam.
[2025-05-20 02:17:54] INFO: Transakcja 0x51c3e73e0172fb0ad13e2ed5cd6d2ea52e83018494ccf74bf652629098166186 niedawno widziana, pomijam.
[2025-05-20 02:17:54] INFO: Transakcja 0x51c3e73e0172fb0ad13e2ed5cd6d2ea52e83018494ccf74bf652629098166186 niedawno widziana, pomijam.
[2025-05-20 02:17:54] INFO: Transakcja 0x51c3e73e0172fb0ad13e2ed5cd6d2ea52e83018494ccf74bf652629098166186 niedawno widziana, pomijam.
[2025-05-20 02:17:54] INFO: Transakcja 0x51c3e73e0172fb0ad13e2ed5cd6d2ea52e83018494ccf74bf652629098166186 niedawno widziana, pomijam.
[2025-05-20 02:17:54] INFO: Transakcja 0x51c3e73e0172fb0ad13e2ed5cd6d2ea52e83018494ccf74bf652629098166186 niedawno widziana, pomijam.
[2025-05-20 02:17:54] INFO: Transakcja 0x51c3e73e0172fb0ad13e2ed5cd6d2ea52e83018494ccf74bf652629098166186 niedawno widziana, pomijam.
[2025-05-20 02:17:54] INFO: Transakcja 0x51c3e73e0172fb0ad13e2ed5cd6d2ea52e83018494ccf74bf652629098166186 niedawno widziana, pomijam.
[2025-05-20 02:17:54] INFO: Transakcja 0x51c3e73e0172fb0ad13e2ed5cd6d2ea52e83018494ccf74bf652629098166186 niedawno widziana, pomijam.
[2025-05-20 02:17:54] INFO: Transakcja 0x51c3e73e0172fb0ad13e2ed5cd6d2ea52e83018494ccf74bf652629098166186 niedawno widziana, pomijam.
[2025-05-20 02:17:54] INFO: Transakcja 0x51c3e73e0172fb0ad13e2ed5cd6d2ea52e83018494ccf74bf652629098166186 niedawno widziana, pomijam.
[2025-05-20 02:17:54] INFO: Transakcja 0x51c3e73e0172fb0ad13e2ed5cd6d2ea52e83018494ccf74bf652629098166186 niedawno widziana, pomijam.
[2025-05-20 02:17:54] INFO: Transakcja 0x51c3e73e0172fb0ad13e2ed5cd6d2ea52e83018494ccf74bf652629098166186 niedawno widziana, pomijam.
[2025-05-20 02:17:54] INFO: Transakcja 0x51c3e73e0172fb0ad13e2ed5cd6d2ea52e83018494ccf74bf652629098166186 niedawno widziana, pomijam.
[2025-05-20 02:17:54] INFO: Transakcja 0x51c3e73e0172fb0ad13e2ed5cd6d2ea52e83018494ccf74bf652629098166186 niedawno widziana, pomijam.
[2025-05-20 02:17:54] INFO: Transakcja 0x51c3e73e0172fb0ad13e2ed5cd6d2ea52e83018494ccf74bf652629098166186 niedawno widziana, pomijam.
[2025-05-20 02:17:54] INFO: Transakcja 0x51c3e73e0172fb0ad13e2ed5cd6d2ea52e83018494ccf74bf652629098166186 niedawno widziana, pomijam.
[2025-05-20 02:17:54] INFO: Transakcja 0x51c3e73e0172fb0ad13e2ed5cd6d2ea52e83018494ccf74bf652629098166186 niedawno widziana, pomijam.
[2025-05-20 02:17:54] INFO: Transakcja 0x51c3e73e0172fb0ad13e2ed5cd6d2ea52e83018494ccf74bf652629098166186 niedawno widziana, pomijam.
[2025-05-20 02:17:55] INFO: Transakcja 0x47e29d35b619ba96f1da5478936b961ec8728e788690554ac58b3b63b2843c25 niedawno widziana, pomijam.
[2025-05-20 02:17:56] INFO: Transakcja 0x4ddccc99a1a7654d148a120f20c319d2cdd7b0781b45519af33c97cd12ba2f2c niedawno widziana, pomijam.
[2025-05-20 02:17:56] INFO: Transakcja 0xc6dd69431c089056cd90c7fc66ae169b57497c51c98f357fd8eccf8a45d4b13c niedawno widziana, pomijam.
[2025-05-20 02:17:56] INFO: Transakcja 0xc6dd69431c089056cd90c7fc66ae169b57497c51c98f357fd8eccf8a45d4b13c niedawno widziana, pomijam.
[2025-05-20 02:17:56] INFO: Transakcja 0xc6dd69431c089056cd90c7fc66ae169b57497c51c98f357fd8eccf8a45d4b13c niedawno widziana, pomijam.
[2025-05-20 02:17:56] INFO: Transakcja 0xc6dd69431c089056cd90c7fc66ae169b57497c51c98f357fd8eccf8a45d4b13c niedawno widziana, pomijam.
[2025-05-20 02:17:56] INFO: Transakcja 0xc6dd69431c089056cd90c7fc66ae169b57497c51c98f357fd8eccf8a45d4b13c niedawno widziana, pomijam.
[2025-05-20 02:17:56] INFO: Transakcja 0xc6dd69431c089056cd90c7fc66ae169b57497c51c98f357fd8eccf8a45d4b13c niedawno widziana, pomijam.
[2025-05-20 02:17:57] INFO: Transakcja 0x49034bf3911ecfe8b93a247c51230c6296c8f84278195a44e373fabd6e3abeb8 niedawno widziana, pomijam.
[2025-05-20 02:17:57] INFO: Transakcja 0xbd1b4f4685692e34054cd65f78b2d54943cb5a955d3455fae3be03c77dc86bda niedawno widziana, pomijam.
[2025-05-20 02:17:57] INFO: Transakcja 0x009aa37acdfa2ba9fe0d679eb68b68be1b0331d2002443ae12a1069e1be9a2ad niedawno widziana, pomijam.
[2025-05-20 02:17:57] INFO: Transakcja 0x009aa37acdfa2ba9fe0d679eb68b68be1b0331d2002443ae12a1069e1be9a2ad niedawno widziana, pomijam.
[2025-05-20 02:17:57] INFO: Transakcja 0xc05fedd97ddcc0df02342845a88313a0dc115e9fbdf600b6df52de0899c22c50 niedawno widziana, pomijam.
[2025-05-20 02:17:57] INFO: Transakcja 0xc05fedd97ddcc0df02342845a88313a0dc115e9fbdf600b6df52de0899c22c50 niedawno widziana, pomijam.
[2025-05-20 02:17:57] INFO: Transakcja 0x7c5d2412dffad01efe4a5d344a51d65a1bff52ce3fb132641ecd5387e99a396c niedawno widziana, pomijam.
[2025-05-20 02:17:57] INFO: Transakcja 0x7c5d2412dffad01efe4a5d344a51d65a1bff52ce3fb132641ecd5387e99a396c niedawno widziana, pomijam.
[2025-05-20 02:17:57] INFO: Transakcja 0x7c5d2412dffad01efe4a5d344a51d65a1bff52ce3fb132641ecd5387e99a396c niedawno widziana, pomijam.
[2025-05-20 02:17:58] INFO: Transakcja 0x1ac3f4ee7563fa8c8d231a063c1e7cb9566c57974a94e0c7d96ef20abc722360 niedawno widziana, pomijam.
[2025-05-20 02:17:58] INFO: Transakcja 0x1ac3f4ee7563fa8c8d231a063c1e7cb9566c57974a94e0c7d96ef20abc722360 niedawno widziana, pomijam.
[2025-05-20 02:17:58] INFO: Transakcja 0x1ac3f4ee7563fa8c8d231a063c1e7cb9566c57974a94e0c7d96ef20abc722360 niedawno widziana, pomijam.
[2025-05-20 02:17:58] INFO: Transakcja 0x1ac3f4ee7563fa8c8d231a063c1e7cb9566c57974a94e0c7d96ef20abc722360 niedawno widziana, pomijam.
[2025-05-20 02:17:59] INFO: ✅ Transfer tokenu: 0x97b9d2102a9a65a26e1ee82d59e42d1b73b68689 → 0xd17af63382aa63218a9f84426462163f44bb7fa1, TX: 0x558eb65e3f0f311b0d0931a540e00d707f0fbbb658ab1743407fe57f06505af8, kwota: 1138.899959
[2025-05-20 02:17:59] INFO: Transakcja 0xcd6f40fa72e58480af159c9b8831b0495deb7f0cde24c9c27d8bfe44c4e4d057 niedawno widziana, pomijam.
[2025-05-20 02:17:59] INFO: Transakcja 0x25f8fbb2094632cfd07ac02ddbd5801408fd83b093daecf3d19f5b398ab2b0fe niedawno widziana, pomijam.
[2025-05-20 02:17:59] INFO: Transakcja 0x25f8fbb2094632cfd07ac02ddbd5801408fd83b093daecf3d19f5b398ab2b0fe niedawno widziana, pomijam.
[2025-05-20 02:18:00] INFO: Transakcja 0x4a51e4aa06870d460e537acf9a47c1ab22321b4b416ad04939b03d3b61a2bff3 niedawno widziana, pomijam.
[2025-05-20 02:18:00] INFO: Transakcja 0x4a51e4aa06870d460e537acf9a47c1ab22321b4b416ad04939b03d3b61a2bff3 niedawno widziana, pomijam.
[2025-05-20 02:18:00] INFO: Transakcja 0x4a51e4aa06870d460e537acf9a47c1ab22321b4b416ad04939b03d3b61a2bff3 niedawno widziana, pomijam.
[2025-05-20 02:18:00] INFO: Transakcja 0x4a51e4aa06870d460e537acf9a47c1ab22321b4b416ad04939b03d3b61a2bff3 niedawno widziana, pomijam.
[2025-05-20 02:18:00] INFO: Transakcja 0x9d05e89b40e64cdfd2d4de8a11a70aca1832eb6fdaa03f10ae0a5addb4b2e37a niedawno widziana, pomijam.
[2025-05-20 02:18:00] INFO: Transakcja 0x9d05e89b40e64cdfd2d4de8a11a70aca1832eb6fdaa03f10ae0a5addb4b2e37a niedawno widziana, pomijam.
[2025-05-20 02:18:00] INFO: Transakcja 0x9d05e89b40e64cdfd2d4de8a11a70aca1832eb6fdaa03f10ae0a5addb4b2e37a niedawno widziana, pomijam.
[2025-05-20 02:18:00] INFO: Transakcja 0x9d05e89b40e64cdfd2d4de8a11a70aca1832eb6fdaa03f10ae0a5addb4b2e37a niedawno widziana, pomijam.
[2025-05-20 02:18:00] INFO: Transakcja 0x9d05e89b40e64cdfd2d4de8a11a70aca1832eb6fdaa03f10ae0a5addb4b2e37a niedawno widziana, pomijam.
[2025-05-20 02:18:00] INFO: Transakcja 0x9d05e89b40e64cdfd2d4de8a11a70aca1832eb6fdaa03f10ae0a5addb4b2e37a niedawno widziana, pomijam.
[2025-05-20 02:18:00] INFO: Transakcja 0x9d05e89b40e64cdfd2d4de8a11a70aca1832eb6fdaa03f10ae0a5addb4b2e37a niedawno widziana, pomijam.
[2025-05-20 02:18:00] INFO: Transakcja 0x9d05e89b40e64cdfd2d4de8a11a70aca1832eb6fdaa03f10ae0a5addb4b2e37a niedawno widziana, pomijam.
[2025-05-20 02:18:00] INFO: Transakcja 0x9d05e89b40e64cdfd2d4de8a11a70aca1832eb6fdaa03f10ae0a5addb4b2e37a niedawno widziana, pomijam.
[2025-05-20 02:18:00] INFO: Transakcja 0x9d05e89b40e64cdfd2d4de8a11a70aca1832eb6fdaa03f10ae0a5addb4b2e37a niedawno widziana, pomijam.
[2025-05-20 02:18:00] INFO: Transakcja 0x9d05e89b40e64cdfd2d4de8a11a70aca1832eb6fdaa03f10ae0a5addb4b2e37a niedawno widziana, pomijam.
[2025-05-20 02:18:00] INFO: Transakcja 0x9d05e89b40e64cdfd2d4de8a11a70aca1832eb6fdaa03f10ae0a5addb4b2e37a niedawno widziana, pomijam.
[2025-05-20 02:18:00] INFO: Transakcja 0x9d05e89b40e64cdfd2d4de8a11a70aca1832eb6fdaa03f10ae0a5addb4b2e37a niedawno widziana, pomijam.
[2025-05-20 02:18:00] INFO: Transakcja 0x9d05e89b40e64cdfd2d4de8a11a70aca1832eb6fdaa03f10ae0a5addb4b2e37a niedawno widziana, pomijam.
[2025-05-20 02:18:00] INFO: Transakcja 0x9d05e89b40e64cdfd2d4de8a11a70aca1832eb6fdaa03f10ae0a5addb4b2e37a niedawno widziana, pomijam.
[2025-05-20 02:18:00] INFO: Transakcja 0x9d05e89b40e64cdfd2d4de8a11a70aca1832eb6fdaa03f10ae0a5addb4b2e37a niedawno widziana, pomijam.
[2025-05-20 02:18:00] INFO: Transakcja 0x9d05e89b40e64cdfd2d4de8a11a70aca1832eb6fdaa03f10ae0a5addb4b2e37a niedawno widziana, pomijam.
[2025-05-20 02:18:00] INFO: Transakcja 0x9d05e89b40e64cdfd2d4de8a11a70aca1832eb6fdaa03f10ae0a5addb4b2e37a niedawno widziana, pomijam.
[2025-05-20 02:18:00] INFO: Transakcja 0x9d05e89b40e64cdfd2d4de8a11a70aca1832eb6fdaa03f10ae0a5addb4b2e37a niedawno widziana, pomijam.
[2025-05-20 02:18:00] INFO: Transakcja 0x9d05e89b40e64cdfd2d4de8a11a70aca1832eb6fdaa03f10ae0a5addb4b2e37a niedawno widziana, pomijam.
[2025-05-20 02:18:00] INFO: Transakcja 0x9d05e89b40e64cdfd2d4de8a11a70aca1832eb6fdaa03f10ae0a5addb4b2e37a niedawno widziana, pomijam.
[2025-05-20 02:18:00] INFO: Transakcja 0x9d05e89b40e64cdfd2d4de8a11a70aca1832eb6fdaa03f10ae0a5addb4b2e37a niedawno widziana, pomijam.
[2025-05-20 02:18:00] INFO: Transakcja 0x9d05e89b40e64cdfd2d4de8a11a70aca1832eb6fdaa03f10ae0a5addb4b2e37a niedawno widziana, pomijam.
[2025-05-20 02:18:00] INFO: Transakcja 0x9d05e89b40e64cdfd2d4de8a11a70aca1832eb6fdaa03f10ae0a5addb4b2e37a niedawno widziana, pomijam.
[2025-05-20 02:18:01] INFO: Transakcja 0x6b9a9120959b31147e4f6b3c66e6e5619de2a82ba9be7901394c14673af2ffdb niedawno widziana, pomijam.
[2025-05-20 02:18:02] INFO: Transakcja 0x2626b9badc0f1698f8a90bed89bba1312bfbbf8d5e1622586c29887ab7885bb0 niedawno widziana, pomijam.
[2025-05-20 02:18:02] INFO: Transakcja 0x2626b9badc0f1698f8a90bed89bba1312bfbbf8d5e1622586c29887ab7885bb0 niedawno widziana, pomijam.
[2025-05-20 02:18:02] INFO: Transakcja 0x2626b9badc0f1698f8a90bed89bba1312bfbbf8d5e1622586c29887ab7885bb0 niedawno widziana, pomijam.
[2025-05-20 02:18:02] INFO: Transakcja 0x2626b9badc0f1698f8a90bed89bba1312bfbbf8d5e1622586c29887ab7885bb0 niedawno widziana, pomijam.
[2025-05-20 02:18:02] INFO: Transakcja 0x2626b9badc0f1698f8a90bed89bba1312bfbbf8d5e1622586c29887ab7885bb0 niedawno widziana, pomijam.
[2025-05-20 02:18:03] INFO: Transakcja 0x575627ef1caf52f3d9170e8dcbef8048b5a2cebfd27064d84ebfdae068069d94 niedawno widziana, pomijam.
[2025-05-20 02:18:03] INFO: Transakcja 0x575627ef1caf52f3d9170e8dcbef8048b5a2cebfd27064d84ebfdae068069d94 niedawno widziana, pomijam.
[2025-05-20 02:18:03] INFO: Transakcja 0x575627ef1caf52f3d9170e8dcbef8048b5a2cebfd27064d84ebfdae068069d94 niedawno widziana, pomijam.
[2025-05-20 02:18:03] INFO: Transakcja 0xfb2c8edcea81981b8dbe9de43e924fab42c0c540c9a5766c42e8b39b52ba812c niedawno widziana, pomijam.
[2025-05-20 02:18:03] INFO: Transakcja 0xfb2c8edcea81981b8dbe9de43e924fab42c0c540c9a5766c42e8b39b52ba812c niedawno widziana, pomijam.
[2025-05-20 02:18:03] INFO: Transakcja 0xfb2c8edcea81981b8dbe9de43e924fab42c0c540c9a5766c42e8b39b52ba812c niedawno widziana, pomijam.
[2025-05-20 02:18:03] INFO: Transakcja 0xf120c6b51e300bdc1415cb546b195ea54d74bd05b827d73c32b9a7fe4430438d niedawno widziana, pomijam.
[2025-05-20 02:18:05] INFO: Transakcja 0xa51d836fef6bdb3a01d39cce206aa4a8f3db29a902aa565de73cb9c888122aa9 niedawno widziana, pomijam.
[2025-05-20 02:18:05] INFO: Transakcja 0x2d4697686d4ce1e9cb3a0cab2b664045a92d0947cd7999bb839dad2fbadf99f1 niedawno widziana, pomijam.
[2025-05-20 02:18:05] INFO: Transakcja 0x04389b6c90656239840492f54e1de43884ee31e377ad179e01694e69753b0ae0 niedawno widziana, pomijam.
[2025-05-20 02:18:07] INFO: Transakcja 0x08589c4d4d09d6b297b50f74d34972f01495e145c00b1d864dbc7bc49c29e2f3 niedawno widziana, pomijam.
[2025-05-20 02:18:08] INFO: Transakcja 0x208e088fd2c09f571b305ebc7d8900fb1413d71148dc920bb03ff6622f2411c5 niedawno widziana, pomijam.
[2025-05-20 02:18:08] INFO: Transakcja 0x208e088fd2c09f571b305ebc7d8900fb1413d71148dc920bb03ff6622f2411c5 niedawno widziana, pomijam.
[2025-05-20 02:18:08] INFO: Transakcja 0x208e088fd2c09f571b305ebc7d8900fb1413d71148dc920bb03ff6622f2411c5 niedawno widziana, pomijam.
[2025-05-20 02:18:08] INFO: Transakcja 0x659a6baf170b30459524af63e4d5a9761f4035fd5d75bd3b8a64a6e4253d2659 niedawno widziana, pomijam.
[2025-05-20 02:18:08] INFO: Transakcja 0x659a6baf170b30459524af63e4d5a9761f4035fd5d75bd3b8a64a6e4253d2659 niedawno widziana, pomijam.
[2025-05-20 02:18:08] INFO: Transakcja 0x659a6baf170b30459524af63e4d5a9761f4035fd5d75bd3b8a64a6e4253d2659 niedawno widziana, pomijam.
[2025-05-20 02:18:08] INFO: Transakcja 0x659a6baf170b30459524af63e4d5a9761f4035fd5d75bd3b8a64a6e4253d2659 niedawno widziana, pomijam.
[2025-05-20 02:18:10] INFO: Transakcja 0x5485dc1de3dbff54324cfb6ee049e9c5ebcebcee120c89ddc73ea8cf543d6b06 niedawno widziana, pomijam.
[2025-05-20 02:18:10] INFO: Transakcja 0xe44199417849773a8913e3c0085e6284d04b1d94a3089b8480f83c316376108f niedawno widziana, pomijam.
[2025-05-20 02:18:10] INFO: Transakcja 0x00a61a7122c329ff94f11ca47504a296b58d2a123696be9898ef46441c980fc8 niedawno widziana, pomijam.
[2025-05-20 02:18:11] INFO: Transakcja 0x2ff45785a20cc410ecca158044db0a15b56ca07929b4c60a66d219c04ebef19c niedawno widziana, pomijam.
[2025-05-20 02:18:11] INFO: Transakcja 0x2ff45785a20cc410ecca158044db0a15b56ca07929b4c60a66d219c04ebef19c niedawno widziana, pomijam.
[2025-05-20 02:18:11] INFO: Transakcja 0xead1db256aeb3491e35763ed6270d231db28b2897cd6ae0ac66a4f64725a24ae niedawno widziana, pomijam.
[2025-05-20 02:18:11] INFO: Transakcja 0x8ec7ae3d7f6f778e97045a11042f8fac2c55864acf53c4a14ac9daa4900ec81b niedawno widziana, pomijam.
[2025-05-20 02:18:11] INFO: Transakcja 0x8af9dbf2b8d25b0855a10782a08d9f45c4a32730b7cb073e0e41bd419555c572 niedawno widziana, pomijam.
[2025-05-20 02:18:11] INFO: Transakcja 0x8af9dbf2b8d25b0855a10782a08d9f45c4a32730b7cb073e0e41bd419555c572 niedawno widziana, pomijam.
[2025-05-20 02:18:11] INFO: Transakcja 0x8af9dbf2b8d25b0855a10782a08d9f45c4a32730b7cb073e0e41bd419555c572 niedawno widziana, pomijam.
[2025-05-20 02:18:12] INFO: Transakcja 0xb141ce7958908789d616696d90c10a90a071d12013a23b44e1e86d7e7ca52a3d niedawno widziana, pomijam.
[2025-05-20 02:18:12] INFO: Transakcja 0xe6fdee493c3b13ebddbdfafd571d12f9ff6af4e9236008eefb07ceb82aa55bd7 niedawno widziana, pomijam.
[2025-05-20 02:18:12] INFO: Transakcja 0x10ca71551a77bf1fe50f0d837cbe6dcfe8a8f369a7a3b8d797b46c6115a36f13 niedawno widziana, pomijam.
[2025-05-20 02:18:12] INFO: Transakcja 0xe9a7ee6f89d8308058cc93b243e70748c4c2739163b6a72a51c34d148de6a20b niedawno widziana, pomijam.
[2025-05-20 02:18:12] INFO: Transakcja 0x7a2299fa2d69ff6703bf6524c058a95f75a128821bdee7b7b7acfc7a9342113d niedawno widziana, pomijam.
[2025-05-20 02:18:14] INFO: Transakcja 0x5dbb20fd512b33113a3510b17484a9fc038045a9d63fce5d7351faa17f666b36 niedawno widziana, pomijam.
[2025-05-20 02:18:14] INFO: Transakcja 0x3d12bc27c19724f1d2b15a0a5fb07c4375d175fb1df6b8e182af658d4f05fdec niedawno widziana, pomijam.
[2025-05-20 02:18:15] INFO: Transakcja 0x2edbd1c629ac9922a72150a11783c48cfaff81b71a97ce151d96f509610d0913 niedawno widziana, pomijam.
[2025-05-20 02:18:15] INFO: Transakcja 0xf12915656e72ba7c070ad79dd338e7b868e2a4523c1b8b919a2c41af008b7f20 niedawno widziana, pomijam.
[2025-05-20 02:18:15] INFO: Transakcja 0x10b002594790e54a70c334bbac3f2f672e91c8545c9b6aeb0c522be0d8e7cb9c niedawno widziana, pomijam.
[2025-05-20 02:18:16] INFO: Transakcja 0x7c79265526070b4682c87efe60b6e475c45730a90deacc388b42f0b09348d00d niedawno widziana, pomijam.
[2025-05-20 02:18:16] INFO: Transakcja 0x7c79265526070b4682c87efe60b6e475c45730a90deacc388b42f0b09348d00d niedawno widziana, pomijam.
[2025-05-20 02:18:16] INFO: Transakcja 0x7c79265526070b4682c87efe60b6e475c45730a90deacc388b42f0b09348d00d niedawno widziana, pomijam.
[2025-05-20 02:18:16] INFO: Transakcja 0xeede7fe8feb1f51f6c4e9901a26a87efdbc76fda0bbb1ebc67dbfb7978605243 niedawno widziana, pomijam.
[2025-05-20 02:18:16] INFO: Transakcja 0xeede7fe8feb1f51f6c4e9901a26a87efdbc76fda0bbb1ebc67dbfb7978605243 niedawno widziana, pomijam.
[2025-05-20 02:18:16] INFO: Transakcja 0xeede7fe8feb1f51f6c4e9901a26a87efdbc76fda0bbb1ebc67dbfb7978605243 niedawno widziana, pomijam.
[2025-05-20 02:18:16] INFO: Transakcja 0x1808274d6c0df795bf9c2f0d8190621449ac7ff07b5fd42d6187ccc1b15ecc32 niedawno widziana, pomijam.
[2025-05-20 02:18:16] INFO: Transakcja 0x1808274d6c0df795bf9c2f0d8190621449ac7ff07b5fd42d6187ccc1b15ecc32 niedawno widziana, pomijam.
[2025-05-20 02:18:17] INFO: Transakcja 0x060c7b57f159b7fcb68f74819662d027863c32e6991d4ae23d1f9e3f25ec75bc niedawno widziana, pomijam.
[2025-05-20 02:18:17] INFO: Transakcja 0x181aed7ba7fae90f6b6e3a41340768e2a642ba26fc1e06f652021e204bbfcae5 niedawno widziana, pomijam.
[2025-05-20 02:18:17] INFO: Transakcja 0x181aed7ba7fae90f6b6e3a41340768e2a642ba26fc1e06f652021e204bbfcae5 niedawno widziana, pomijam.
[2025-05-20 02:18:17] INFO: Transakcja 0x181aed7ba7fae90f6b6e3a41340768e2a642ba26fc1e06f652021e204bbfcae5 niedawno widziana, pomijam.
[2025-05-20 02:18:17] INFO: Transakcja 0x181aed7ba7fae90f6b6e3a41340768e2a642ba26fc1e06f652021e204bbfcae5 niedawno widziana, pomijam.
[2025-05-20 02:18:17] INFO: Transakcja 0xc54c0518cc3d76cb295af86f09a60bade92e94e5ae5bcce4da47ffd0c3191e2e niedawno widziana, pomijam.
[2025-05-20 02:18:18] INFO: Transakcja 0x5be5bda9378aab5856d04557877142aa5c6e5120dd53190cb9d00cd56c885371 niedawno widziana, pomijam.
[2025-05-20 02:18:18] INFO: Transakcja 0x5be5bda9378aab5856d04557877142aa5c6e5120dd53190cb9d00cd56c885371 niedawno widziana, pomijam.
[2025-05-20 02:18:18] INFO: Transakcja 0xfee20f00c917c43bf0e7b8d242dde53070fcb01953aaad1a3038d0ab264c3789 niedawno widziana, pomijam.
[2025-05-20 02:18:18] INFO: Transakcja 0xfee20f00c917c43bf0e7b8d242dde53070fcb01953aaad1a3038d0ab264c3789 niedawno widziana, pomijam.
[2025-05-20 02:18:18] INFO: Transakcja 0xfee20f00c917c43bf0e7b8d242dde53070fcb01953aaad1a3038d0ab264c3789 niedawno widziana, pomijam.
[2025-05-20 02:18:19] INFO: ✅ Transfer tokenu: 0x3f631685163a1a5883899ab84e45989ae0df457f → 0x37c9dbf499948bc492564037ed5bc0fb19609dc0, TX: 0xd90b7c46a649287dd97008ef4d16dbaa850cf31d6fe64302ee6b1640922d7b9f, kwota: 0.01
[2025-05-20 02:18:19] INFO: 🎯 Znaleziono transfer od śledzonego adresu: 0x3f631685163a1a5883899ab84e45989ae0df457f
[2025-05-20 02:18:27] INFO: Transakcja 0x155b19689542df1fc6fcf479662f77eaa5a08770f90002e47553222ea618853c niedawno widziana, pomijam.
[2025-05-20 02:18:27] INFO: Transakcja 0x155b19689542df1fc6fcf479662f77eaa5a08770f90002e47553222ea618853c niedawno widziana, pomijam.
[2025-05-20 02:18:27] INFO: Transakcja 0x155b19689542df1fc6fcf479662f77eaa5a08770f90002e47553222ea618853c niedawno widziana, pomijam.
[2025-05-20 02:18:27] INFO: Transakcja 0x5c974f975ff70f388caf6e00af042be966f67e40592ed9ce9d8da8098902e625 niedawno widziana, pomijam.
[2025-05-20 02:18:27] INFO: Transakcja 0x5c974f975ff70f388caf6e00af042be966f67e40592ed9ce9d8da8098902e625 niedawno widziana, pomijam.
[2025-05-20 02:18:27] INFO: Transakcja 0x7cb4aaa69513112461eedb93fd520ec1606eaada54719f5432c4ab0c1aece14e niedawno widziana, pomijam.
[2025-05-20 02:18:27] INFO: Transakcja 0x7cb4aaa69513112461eedb93fd520ec1606eaada54719f5432c4ab0c1aece14e niedawno widziana, pomijam.
[2025-05-20 02:18:27] INFO: Transakcja 0x7cb4aaa69513112461eedb93fd520ec1606eaada54719f5432c4ab0c1aece14e niedawno widziana, pomijam.
[2025-05-20 02:18:27] INFO: Transakcja 0x7cb4aaa69513112461eedb93fd520ec1606eaada54719f5432c4ab0c1aece14e niedawno widziana, pomijam.
[2025-05-20 02:18:27] INFO: Transakcja 0x7cb4aaa69513112461eedb93fd520ec1606eaada54719f5432c4ab0c1aece14e niedawno widziana, pomijam.
[2025-05-20 02:18:27] INFO: Transakcja 0x7cb4aaa69513112461eedb93fd520ec1606eaada54719f5432c4ab0c1aece14e niedawno widziana, pomijam.
[2025-05-20 02:18:28] INFO: Transakcja 0xf4580a482b3635928a8cf0f59d95e09658711b75038bab5bc79e5db6725ab03c niedawno widziana, pomijam.
[2025-05-20 02:18:28] INFO: Transakcja 0xf4580a482b3635928a8cf0f59d95e09658711b75038bab5bc79e5db6725ab03c niedawno widziana, pomijam.
[2025-05-20 02:18:28] INFO: Transakcja 0xaefffc6e8c0d7b814db4aeeedde35e95f96e20082f517d3e2eda2f99256b845f niedawno widziana, pomijam.
[2025-05-20 02:18:30] INFO: Transakcja 0x2cdc3bb004c38a4d174f953944880c1b7c5979b3f89b19ffdab7531ec4ada042 niedawno widziana, pomijam.
[2025-05-20 02:18:30] INFO: Transakcja 0xc41cf1e95375b7ee3431f48ed00dc7cdc73f1acdcc68f9113555a37750c74233 niedawno widziana, pomijam.
[2025-05-20 02:18:30] INFO: Transakcja 0xc41cf1e95375b7ee3431f48ed00dc7cdc73f1acdcc68f9113555a37750c74233 niedawno widziana, pomijam.
[2025-05-20 02:18:30] INFO: Transakcja 0xe997e257144f0ffa2cd69720e65ffd90b3bfcc00e3155d07dd801886987cee9a niedawno widziana, pomijam.
[2025-05-20 02:18:30] INFO: Transakcja 0xe997e257144f0ffa2cd69720e65ffd90b3bfcc00e3155d07dd801886987cee9a niedawno widziana, pomijam.
[2025-05-20 02:18:30] INFO: Transakcja 0xe997e257144f0ffa2cd69720e65ffd90b3bfcc00e3155d07dd801886987cee9a niedawno widziana, pomijam.
[2025-05-20 02:18:31] INFO: Transakcja 0x072d03aeb29cee7da0c95e1145b19cd66fead90ad72932aba8c79a9a67bcf12a niedawno widziana, pomijam.
[2025-05-20 02:18:31] INFO: Transakcja 0x072d03aeb29cee7da0c95e1145b19cd66fead90ad72932aba8c79a9a67bcf12a niedawno widziana, pomijam.
[2025-05-20 02:18:31] INFO: Transakcja 0xc40b4ac7c9bac4ebfb3a82b495878378a1f1fb130156af8cd827bd02787dea0c niedawno widziana, pomijam.
[2025-05-20 02:18:31] INFO: Transakcja 0xc40b4ac7c9bac4ebfb3a82b495878378a1f1fb130156af8cd827bd02787dea0c niedawno widziana, pomijam.
[2025-05-20 02:18:31] INFO: Transakcja 0x0aeae204edf7920f18a310c9b997819cf50571dfec9cfed39a37d5882d615c45 niedawno widziana, pomijam.
[2025-05-20 02:18:32] INFO: Transakcja 0x824dc6bc09508a8a1bcdb54f97cbe51b68e42a9eecb82429575238fd20fa3525 niedawno widziana, pomijam.
[2025-05-20 02:18:32] INFO: Transakcja 0x824dc6bc09508a8a1bcdb54f97cbe51b68e42a9eecb82429575238fd20fa3525 niedawno widziana, pomijam.
[2025-05-20 02:18:33] INFO: Transakcja 0x44eb4c0395c507134ddc72df3bd30b056d3943a69e06c25adc48ab091880b0d2 niedawno widziana, pomijam.
[2025-05-20 02:18:33] INFO: Transakcja 0xaf4cace8c04737d4a9e90cb9b7c58831bb91172d52a052aec3b23464003aa85a niedawno widziana, pomijam.
[2025-05-20 02:18:33] INFO: Transakcja 0xe1753fc0722b995d3684cf2a3d86248e9356c786463193080c82898263bc9c41 niedawno widziana, pomijam.
[2025-05-20 02:18:33] INFO: Transakcja 0x3b92c3f0b15d15615a5b52f211ab1b7a547677b5515b9515286cdf040d8bd6b6 niedawno widziana, pomijam.
[2025-05-20 02:18:33] INFO: Transakcja 0x105d285f71e9d48839028d2d90bf1a9fc6b55b63cdeaa3d5b504a34d17745091 niedawno widziana, pomijam.
[2025-05-20 02:18:33] INFO: Transakcja 0x0e5fa1f922866c4bc78ca4f8861f5ecaed3d1445880fb5a38ed6343e2d815293 niedawno widziana, pomijam.
[2025-05-20 02:18:33] INFO: Transakcja 0x0e5fa1f922866c4bc78ca4f8861f5ecaed3d1445880fb5a38ed6343e2d815293 niedawno widziana, pomijam.
[2025-05-20 02:18:33] INFO: Transakcja 0x0e5fa1f922866c4bc78ca4f8861f5ecaed3d1445880fb5a38ed6343e2d815293 niedawno widziana, pomijam.
[2025-05-20 02:18:33] INFO: Transakcja 0x0e5fa1f922866c4bc78ca4f8861f5ecaed3d1445880fb5a38ed6343e2d815293 niedawno widziana, pomijam.
[2025-05-20 02:18:33] INFO: Transakcja 0x0e5fa1f922866c4bc78ca4f8861f5ecaed3d1445880fb5a38ed6343e2d815293 niedawno widziana, pomijam.
[2025-05-20 02:18:34] INFO: Transakcja 0xaafb2177dd8c39e6cde845bf458d6d762b6a18b94fa4380b72310cf025530a17 niedawno widziana, pomijam.
[2025-05-20 02:18:34] INFO: Transakcja 0xaafb2177dd8c39e6cde845bf458d6d762b6a18b94fa4380b72310cf025530a17 niedawno widziana, pomijam.
[2025-05-20 02:18:34] INFO: Transakcja 0xaafb2177dd8c39e6cde845bf458d6d762b6a18b94fa4380b72310cf025530a17 niedawno widziana, pomijam.
[2025-05-20 02:18:34] INFO: Transakcja 0xaafb2177dd8c39e6cde845bf458d6d762b6a18b94fa4380b72310cf025530a17 niedawno widziana, pomijam.
[2025-05-20 02:18:34] INFO: Transakcja 0xaafb2177dd8c39e6cde845bf458d6d762b6a18b94fa4380b72310cf025530a17 niedawno widziana, pomijam.
[2025-05-20 02:18:34] INFO: Transakcja 0xaafb2177dd8c39e6cde845bf458d6d762b6a18b94fa4380b72310cf025530a17 niedawno widziana, pomijam.
[2025-05-20 02:18:34] INFO: Transakcja 0x3c8108b97ef64cad0e6472b99009110ebb9d27d0bd8473f2badb3ebfe8a02ebf niedawno widziana, pomijam.
[2025-05-20 02:18:34] INFO: ✅ Transfer tokenu: 0xdd3c2d279bdd8296ef858ae989e25a9c42649035 → 0xdc0858e53efe8a1f52ea25528f0d31572c3d07f1, TX: 0x07bca125f4d89f761c1d99960994ab96c9bb36e85e2a5bba35eaf3b24de818ef, kwota: 487.8045
[2025-05-20 02:18:35] INFO: Transakcja 0x9186c8d4b9317e0cd7708cf5193ca7600fa623c20cb228c7cd73835b2d0e382e niedawno widziana, pomijam.
[2025-05-20 02:18:35] INFO: Transakcja 0x9186c8d4b9317e0cd7708cf5193ca7600fa623c20cb228c7cd73835b2d0e382e niedawno widziana, pomijam.
[2025-05-20 02:18:35] INFO: Transakcja 0xc987151496dfe183699bd79f9dfb481f960f76675bfc05c0ecb885f6c3ac8347 niedawno widziana, pomijam.
[2025-05-20 02:18:35] INFO: Transakcja 0xc89bf1bed1843e419ceaecc0e266e8a06d9eede87d4de40f0e3731ac793c3783 niedawno widziana, pomijam.
[2025-05-20 02:18:36] INFO: Transakcja 0x7225a918014e874f74cb9f11aa50860728c5b59dbc02e4ac25aa65187939e661 niedawno widziana, pomijam.
[2025-05-20 02:18:36] INFO: Transakcja 0x7225a918014e874f74cb9f11aa50860728c5b59dbc02e4ac25aa65187939e661 niedawno widziana, pomijam.
[2025-05-20 02:18:36] INFO: Transakcja 0x7225a918014e874f74cb9f11aa50860728c5b59dbc02e4ac25aa65187939e661 niedawno widziana, pomijam.
[2025-05-20 02:18:36] INFO: Transakcja 0x273be4b2718fab3bf7347241dc7cf07cc5e74510c853d272ced820b6d753bf67 niedawno widziana, pomijam.
[2025-05-20 02:18:39] INFO: Transakcja 0xe3fa772f4d1d00fd44e2a430adb4637165bdd553d4ac830220cc8461e8301bdf niedawno widziana, pomijam.
[2025-05-20 02:18:39] INFO: Transakcja 0x2e383af98f1aaa03d494314736c8e8c2004bb93b1865b98554ec04412291f9dc niedawno widziana, pomijam.
[2025-05-20 02:18:39] INFO: Transakcja 0x12e0a4961f7eb0bd28f1799c16e9597701cd6854c49b30bef96600abaf063cf3 niedawno widziana, pomijam.
[2025-05-20 02:18:39] INFO: Transakcja 0x12e0a4961f7eb0bd28f1799c16e9597701cd6854c49b30bef96600abaf063cf3 niedawno widziana, pomijam.
[2025-05-20 02:18:39] INFO: Transakcja 0x12e0a4961f7eb0bd28f1799c16e9597701cd6854c49b30bef96600abaf063cf3 niedawno widziana, pomijam.
[2025-05-20 02:18:39] INFO: Transakcja 0x12e0a4961f7eb0bd28f1799c16e9597701cd6854c49b30bef96600abaf063cf3 niedawno widziana, pomijam.
[2025-05-20 02:18:39] INFO: Transakcja 0x12e0a4961f7eb0bd28f1799c16e9597701cd6854c49b30bef96600abaf063cf3 niedawno widziana, pomijam.
[2025-05-20 02:18:39] INFO: Transakcja 0x12e0a4961f7eb0bd28f1799c16e9597701cd6854c49b30bef96600abaf063cf3 niedawno widziana, pomijam.
[2025-05-20 02:18:40] INFO: Transakcja 0x9656565d405f52907316cf7eca9d24e560a564bc76eca799898f5499ad55f025 niedawno widziana, pomijam.
[2025-05-20 02:18:40] INFO: Transakcja 0x9656565d405f52907316cf7eca9d24e560a564bc76eca799898f5499ad55f025 niedawno widziana, pomijam.
[2025-05-20 02:18:40] INFO: Transakcja 0x9656565d405f52907316cf7eca9d24e560a564bc76eca799898f5499ad55f025 niedawno widziana, pomijam.
[2025-05-20 02:18:40] INFO: Transakcja 0x9656565d405f52907316cf7eca9d24e560a564bc76eca799898f5499ad55f025 niedawno widziana, pomijam.
[2025-05-20 02:18:40] INFO: Transakcja 0x9f0037be4ce425a11f956ef4e0b42f9c72bc8f46afb9fad5937f0041b2ffc64a niedawno widziana, pomijam.
[2025-05-20 02:18:40] INFO: Transakcja 0xe80bbb3586afd7872e3fad4ecc7bd6166cbda92876572e4c04adf767d11a6a66 niedawno widziana, pomijam.
[2025-05-20 02:18:40] INFO: Transakcja 0xe80bbb3586afd7872e3fad4ecc7bd6166cbda92876572e4c04adf767d11a6a66 niedawno widziana, pomijam.
[2025-05-20 02:18:40] INFO: Transakcja 0xe80bbb3586afd7872e3fad4ecc7bd6166cbda92876572e4c04adf767d11a6a66 niedawno widziana, pomijam.
[2025-05-20 02:18:40] INFO: Transakcja 0xe80bbb3586afd7872e3fad4ecc7bd6166cbda92876572e4c04adf767d11a6a66 niedawno widziana, pomijam.
[2025-05-20 02:18:40] INFO: Transakcja 0xe80bbb3586afd7872e3fad4ecc7bd6166cbda92876572e4c04adf767d11a6a66 niedawno widziana, pomijam.
[2025-05-20 02:18:40] INFO: Transakcja 0x7bf75e9d5ae2da61802e4edf7e4fa63a8c8d7034ce4ee61e1115c76158f1517c niedawno widziana, pomijam.
[2025-05-20 02:18:41] INFO: Transakcja 0x1ed233178a05f5b2431db34e2936dc132b933adcf4e8c062e14d1baa97c0ab00 niedawno widziana, pomijam.
[2025-05-20 02:18:41] INFO: Transakcja 0x1ed233178a05f5b2431db34e2936dc132b933adcf4e8c062e14d1baa97c0ab00 niedawno widziana, pomijam.
[2025-05-20 02:18:41] INFO: Transakcja 0x1ed233178a05f5b2431db34e2936dc132b933adcf4e8c062e14d1baa97c0ab00 niedawno widziana, pomijam.
[2025-05-20 02:18:41] INFO: Transakcja 0x1ed233178a05f5b2431db34e2936dc132b933adcf4e8c062e14d1baa97c0ab00 niedawno widziana, pomijam.
[2025-05-20 02:18:41] INFO: Transakcja 0x1ed233178a05f5b2431db34e2936dc132b933adcf4e8c062e14d1baa97c0ab00 niedawno widziana, pomijam.
[2025-05-20 02:18:41] INFO: Transakcja 0x1ed233178a05f5b2431db34e2936dc132b933adcf4e8c062e14d1baa97c0ab00 niedawno widziana, pomijam.
[2025-05-20 02:18:41] INFO: Transakcja 0x1ed233178a05f5b2431db34e2936dc132b933adcf4e8c062e14d1baa97c0ab00 niedawno widziana, pomijam.
[2025-05-20 02:18:41] INFO: Transakcja 0x1ed233178a05f5b2431db34e2936dc132b933adcf4e8c062e14d1baa97c0ab00 niedawno widziana, pomijam.
[2025-05-20 02:18:41] INFO: Transakcja 0x1ed233178a05f5b2431db34e2936dc132b933adcf4e8c062e14d1baa97c0ab00 niedawno widziana, pomijam.
[2025-05-20 02:18:41] INFO: Transakcja 0xf13bb3cc69ca859f61e942f85d387ec6ac7fed098d7096c1ecef89131576f907 niedawno widziana, pomijam.
[2025-05-20 02:18:41] INFO: Transakcja 0xf13bb3cc69ca859f61e942f85d387ec6ac7fed098d7096c1ecef89131576f907 niedawno widziana, pomijam.
[2025-05-20 02:18:41] INFO: ✅ Transfer tokenu: 0x0f55030556b30926f78f73064ff09a0981b5e076 → 0x082eccb29d12c96497779b9b6df5bc31bd23520a, TX: 0x5defee38ad2f2ee013d75ced475fea05e1c170c5f778d5215843fe21a5cba28d, kwota: 1e-06
[2025-05-20 02:18:42] INFO: Transakcja 0x757d6b602557047f6fefe2747944d321ab06ad7c2dc76199f4b7fe5813e9ae47 niedawno widziana, pomijam.
[2025-05-20 02:18:42] INFO: Transakcja 0x757d6b602557047f6fefe2747944d321ab06ad7c2dc76199f4b7fe5813e9ae47 niedawno widziana, pomijam.
[2025-05-20 02:18:42] INFO: Transakcja 0x757d6b602557047f6fefe2747944d321ab06ad7c2dc76199f4b7fe5813e9ae47 niedawno widziana, pomijam.
[2025-05-20 02:18:43] INFO: Transakcja 0x33c5168d6a86f64cc843b05c202f0505c991b90a91352ab8025a6dcdd675fef2 niedawno widziana, pomijam.
[2025-05-20 02:18:43] INFO: Transakcja 0x33c5168d6a86f64cc843b05c202f0505c991b90a91352ab8025a6dcdd675fef2 niedawno widziana, pomijam.
[2025-05-20 02:18:43] INFO: Transakcja 0xeab1994370dfbaf8dc01636b33519facee9112f643243493a01c7fdcdb2b8134 niedawno widziana, pomijam.
[2025-05-20 02:18:43] INFO: Transakcja 0xeab1994370dfbaf8dc01636b33519facee9112f643243493a01c7fdcdb2b8134 niedawno widziana, pomijam.
[2025-05-20 02:18:43] INFO: Transakcja 0xeab1994370dfbaf8dc01636b33519facee9112f643243493a01c7fdcdb2b8134 niedawno widziana, pomijam.
[2025-05-20 02:18:43] INFO: Transakcja 0xeab1994370dfbaf8dc01636b33519facee9112f643243493a01c7fdcdb2b8134 niedawno widziana, pomijam.
[2025-05-20 02:18:43] INFO: Transakcja 0xeab1994370dfbaf8dc01636b33519facee9112f643243493a01c7fdcdb2b8134 niedawno widziana, pomijam.
[2025-05-20 02:18:43] INFO: Transakcja 0xeab1994370dfbaf8dc01636b33519facee9112f643243493a01c7fdcdb2b8134 niedawno widziana, pomijam.
[2025-05-20 02:18:43] INFO: Transakcja 0xeab1994370dfbaf8dc01636b33519facee9112f643243493a01c7fdcdb2b8134 niedawno widziana, pomijam.
[2025-05-20 02:18:43] INFO: Transakcja 0xeab1994370dfbaf8dc01636b33519facee9112f643243493a01c7fdcdb2b8134 niedawno widziana, pomijam.
[2025-05-20 02:18:43] INFO: Transakcja 0xeab1994370dfbaf8dc01636b33519facee9112f643243493a01c7fdcdb2b8134 niedawno widziana, pomijam.
[2025-05-20 02:18:43] INFO: Transakcja 0xeab1994370dfbaf8dc01636b33519facee9112f643243493a01c7fdcdb2b8134 niedawno widziana, pomijam.
[2025-05-20 02:18:43] INFO: Transakcja 0xeab1994370dfbaf8dc01636b33519facee9112f643243493a01c7fdcdb2b8134 niedawno widziana, pomijam.
[2025-05-20 02:18:43] INFO: Transakcja 0xeab1994370dfbaf8dc01636b33519facee9112f643243493a01c7fdcdb2b8134 niedawno widziana, pomijam.
[2025-05-20 02:18:43] INFO: Transakcja 0xeab1994370dfbaf8dc01636b33519facee9112f643243493a01c7fdcdb2b8134 niedawno widziana, pomijam.
[2025-05-20 02:18:43] INFO: Transakcja 0xeab1994370dfbaf8dc01636b33519facee9112f643243493a01c7fdcdb2b8134 niedawno widziana, pomijam.
[2025-05-20 02:18:43] INFO: Transakcja 0xeab1994370dfbaf8dc01636b33519facee9112f643243493a01c7fdcdb2b8134 niedawno widziana, pomijam.
[2025-05-20 02:18:43] INFO: Transakcja 0xd62bf4385cca30beb9e97abeb9c6113f93b31e783257f2241497b00b0171c3ab niedawno widziana, pomijam.
[2025-05-20 02:18:43] INFO: Transakcja 0xd62bf4385cca30beb9e97abeb9c6113f93b31e783257f2241497b00b0171c3ab niedawno widziana, pomijam.
[2025-05-20 02:18:43] INFO: Transakcja 0xd62bf4385cca30beb9e97abeb9c6113f93b31e783257f2241497b00b0171c3ab niedawno widziana, pomijam.
[2025-05-20 02:18:43] INFO: Transakcja 0x0d9c5349d7c527ced2ca814f3bc37e24168397af9c1aa3736fe8366ab05c5012 niedawno widziana, pomijam.
[2025-05-20 02:18:43] INFO: Transakcja 0x0d9c5349d7c527ced2ca814f3bc37e24168397af9c1aa3736fe8366ab05c5012 niedawno widziana, pomijam.
[2025-05-20 02:18:43] INFO: Transakcja 0x0d9c5349d7c527ced2ca814f3bc37e24168397af9c1aa3736fe8366ab05c5012 niedawno widziana, pomijam.
[2025-05-20 02:18:43] INFO: Transakcja 0x29f4e741ea073400781b7cca22b18ea5b34b53c34285d370a701e925cacd5f1b niedawno widziana, pomijam.
[2025-05-20 02:18:45] INFO: ✅ Transfer tokenu: 0x0f55030556b30926f78f73064ff09a0981b5e076 → 0x8a142d0aaf5ef487871abd69de28910c09af0420, TX: 0x9abded229c3bc8241b0927157f7f010a1d1887decfa0db21d62b1cafa078d573, kwota: 1e-06
[2025-05-20 02:18:45] INFO: Transakcja 0xbc15ab21b8e918b430c4688404aafab927cecedffe2a2fec5ec597e64e03e5b5 niedawno widziana, pomijam.
[2025-05-20 02:18:45] INFO: Transakcja 0x5f6868975e964f37e739c51380a1e1fd6a585dd890a0afa1e15e2f154997f990 niedawno widziana, pomijam.
[2025-05-20 02:18:45] INFO: Transakcja 0x7de60f888ccf7048407b6dea6fe04a3b63cf438bde70a007092cfbd7c6d28f07 niedawno widziana, pomijam.
[2025-05-20 02:18:48] INFO: ⏳ Transakcja 0xf507491545fe683f268f69b4a8764452aca82a9207a6ecdd9c87c00cfdfd4290 wciąż w mempoolu. Próba 1/4
[2025-05-20 02:18:50] INFO: ⏳ Transakcja 0x514aca1e571eb75576ae60f5281faa3ee3b04734108cf5f064c1234e9757942d wciąż w mempoolu. Próba 1/4
[2025-05-20 02:18:51] INFO: Transakcja 0x4b874c88924215c47f08e9bbceef0140aa1119d8a4b73541c7f76c5e43bc12b1 niedawno widziana, pomijam.
[2025-05-20 02:18:51] INFO: ⏳ Transakcja 0x6c9ef75607d4941afd52b54793d4d4e2f193a22141ff2805511a9a40bb146448 wciąż w mempoolu. Próba 1/4
[2025-05-20 02:18:54] INFO: Transakcja 0xdc3944ae6cdb715ea3c3649bba288293c37db2ffa2aa2fb59830d130120ab7bb niedawno widziana, pomijam.
[2025-05-20 02:18:55] INFO: Transakcja 0xff5d0301af59a981a5e0efd29bee1064681f53c65ee9a0515b408acfe5b2abe8 niedawno widziana, pomijam.
[2025-05-20 02:18:55] INFO: Transakcja 0xff5d0301af59a981a5e0efd29bee1064681f53c65ee9a0515b408acfe5b2abe8 niedawno widziana, pomijam.
[2025-05-20 02:18:55] INFO: Transakcja 0xff5d0301af59a981a5e0efd29bee1064681f53c65ee9a0515b408acfe5b2abe8 niedawno widziana, pomijam.
[2025-05-20 02:18:56] INFO: Transakcja 0xf044b20be59e2b5497d60cb9546beaf5198021d6900067827c7cd928c9772289 niedawno widziana, pomijam.
[2025-05-20 02:18:56] INFO: ⏳ Transakcja 0xb3b43dde0e97a12e583bb03dcfcd3104710283f18e04aa464a3ad53192383c85 wciąż w mempoolu. Próba 1/4
[2025-05-20 02:18:57] INFO: Transakcja 0xb3b43dde0e97a12e583bb03dcfcd3104710283f18e04aa464a3ad53192383c85 niedawno widziana, pomijam.
[2025-05-20 02:18:57] INFO: ⏳ Transakcja 0x34de0c20aa462f5e0793760502c876a3b24c38a4f8008d9231b19c3a9e55a010 wciąż w mempoolu. Próba 1/4
[2025-05-20 02:18:59] INFO: ⏳ Transakcja 0x34de0c20aa462f5e0793760502c876a3b24c38a4f8008d9231b19c3a9e55a010 wciąż w mempoolu. Próba 2/4
[2025-05-20 02:19:01] INFO: ⏳ Transakcja 0x34de0c20aa462f5e0793760502c876a3b24c38a4f8008d9231b19c3a9e55a010 wciąż w mempoolu. Próba 3/4
[2025-05-20 02:19:03] INFO: Transakcja 0x34de0c20aa462f5e0793760502c876a3b24c38a4f8008d9231b19c3a9e55a010 niedawno widziana, pomijam.
[2025-05-20 02:19:03] INFO: Transakcja 0x1688f918f10785518f1050b3d8be23fa90dfe0efcf8f383cfac083b5bd7b9e64 niedawno widziana, pomijam.
[2025-05-20 02:19:03] INFO: Transakcja 0x1688f918f10785518f1050b3d8be23fa90dfe0efcf8f383cfac083b5bd7b9e64 niedawno widziana, pomijam.
[2025-05-20 02:19:03] INFO: Transakcja 0x1688f918f10785518f1050b3d8be23fa90dfe0efcf8f383cfac083b5bd7b9e64 niedawno widziana, pomijam.
[2025-05-20 02:19:03] INFO: Transakcja 0x1688f918f10785518f1050b3d8be23fa90dfe0efcf8f383cfac083b5bd7b9e64 niedawno widziana, pomijam.
[2025-05-20 02:19:03] INFO: Transakcja 0x1688f918f10785518f1050b3d8be23fa90dfe0efcf8f383cfac083b5bd7b9e64 niedawno widziana, pomijam.
[2025-05-20 02:19:03] INFO: Transakcja 0x1688f918f10785518f1050b3d8be23fa90dfe0efcf8f383cfac083b5bd7b9e64 niedawno widziana, pomijam.
[2025-05-20 02:19:03] INFO: Transakcja 0xf9e38972ec33ac956f17cfaaba5093d382cfb5b163855b38ac31b744697d402b niedawno widziana, pomijam.
[2025-05-20 02:19:03] INFO: Transakcja 0xf9e38972ec33ac956f17cfaaba5093d382cfb5b163855b38ac31b744697d402b niedawno widziana, pomijam.
[2025-05-20 02:19:04] INFO: ⏳ Transakcja 0x91c077dfed28619bd6d2d24658d40661c87afc34f808cefc12e298f0cbec3807 wciąż w mempoolu. Próba 1/4
[2025-05-20 02:19:05] INFO: ⏳ Transakcja 0x74d95afd19ad31df6dc127ef7d5fd601336be4a34b6930fa490ccfedba9b9dc1 wciąż w mempoolu. Próba 1/4
[2025-05-20 02:19:07] INFO: ⏳ Transakcja 0x68b2bf6f15c5d04974c77078ca994b27deec1123e0cdd4b234c0bc99d48e182f wciąż w mempoolu. Próba 1/4
[2025-05-20 02:31:33] INFO: 🔴Transakcja wysłana: 0x666382af98bff5a8dcea572916298ed3a12256f13db4883b5a2e1ab5fd089603
[2025-05-20 02:31:46] INFO: 🔴Transakcja wysłana: 0x04e02225d78e36a0d4021691c3f6c272d9adb1736542954f2d441966d53265f7
