[2025-05-17 15:32:22] INFO: Token USDC_FUN_TOKEN wdrożony na adresie: 0x92F06c452C28AE3D47C90E7eAFf40359007dF3E7
[2025-05-17 17:00:29] INFO: Token USDC_Prank wdrożony na adresie: 0xE905Dbf204c3CBC3f0bCB6879161C33E7b1092e8
[2025-05-17 17:03:42] INFO: Token USDC_Prank wdrożony na adresie: 0x01A2D677b51D91120d96736f202D4BA13BedD0F0
[2025-05-17 17:13:34] INFO: Token USDC wdrożony na adresie: 0x29b72e15627759e12500b9969682229006f59633
[2025-05-17 17:34:53] INFO: Token USDC wdrożony na adresie: 0xE08C2c5B83316A2A1e4AfCDE32f31636Df1Fe3BE
[2025-05-17 17:45:46] INFO: Token USDC wdrożony na adresie: 0xCd2450A378536bfd0E71f16Fe29d562131014b25
[2025-06-10 17:12:38] INFO: Token USDC wdrożony na adresie: 0xc564a470D8Df50313956A73e756D431BD8bE8aa7
[2025-06-10 17:17:41] INFO: Token USDC wdrożony na adresie: 0x548589F347B325E2ef58900bE27706D03e55307C
[2025-06-10 17:20:16] INFO: Token USDC wdrożony na adresie: 0x8Ee48b5982eD081705ab1d668912f2f66fe06584
[2025-06-10 17:21:10] INFO: Token USDC wdrożony na adresie: 0x53e9D7DBbFCb2041Fa5642C3BEc8c9a83B03e1c4
[2025-06-10 17:23:10] INFO: Token USDC wdrożony na adresie: 0x6BA754EeaA738008b31187a39450B6EEB0FDDBC7
[2025-06-10 17:23:46] INFO: Token USDC wdrożony na adresie: 0x500b82B05a1d6c201BEC22320f2f9adA0aA65E23
[2025-06-11 21:45:46] INFO: Token USDC1 wdrożony na adresie: 0x36F18d7D905A9824ff67b6cc65d77c82aff52348
[2025-06-11 21:51:06] INFO: Token USDC2 wdrożony na adresie: 0x8054B738FB604dAf9ead7cC3c3A1655D6bcFE053
[2025-06-11 21:58:18] INFO: Token USDC3 wdrożony na adresie: 0x163a94F30FF4Db4fFFe99B9ba09B9A89236cDa19
[2025-06-11 22:11:27] INFO: Token USDC4 wdrożony na adresie: 0x085C13C5582C7BFf15728168749fd2e559244201
[2025-06-11 22:18:40] INFO: Token USDC5 wdrożony na adresie: 0x20ed164c2392EBE5685A44Cfc9A1fe742Ab35142
[2025-06-11 22:22:28] INFO: Token USDC6 wdrożony na adresie: 0x339fEc485208393BE51d7181eB21a84FC0502F9c
[2025-06-11 23:58:12] INFO: Token USDC wdrożony na adresie: 0xA07aE7b9B918bbf98Be8a6B7b36843B35b48eF25
[2025-06-12 00:02:43] INFO: Token USDC wdrożony na adresie: 0xcc16245Be4A07dbb471Ff40556b5cE994788aA52
